<?xml version="1.0" encoding="UTF-8"?>
<!-- Generated by org.testng.reporters.JUnitXMLReporter -->
<testsuite hostname="JITU-PC" name="Default test" tests="2" failures="0" timestamp="3 Aug 2019 08:49:43 GMT" time="0.625" errors="0">
  <testcase name="@BeforeTest init" time="0.0" classname="com.test.RegisterPageTest">
    <failure type="java.lang.IllegalAccessError" message="tried to access method com.google.common.util.concurrent.SimpleTimeLimiter.&amp;lt;init&amp;gt;(Ljava/util/concurrent/ExecutorService;)V from class org.openqa.selenium.net.UrlChecker">
      <![CDATA[java.lang.IllegalAccessError: tried to access method com.google.common.util.concurrent.SimpleTimeLimiter.<init>(Ljava/util/concurrent/ExecutorService;)V from class org.openqa.selenium.net.UrlChecker
	at org.openqa.selenium.net.UrlChecker.<init>(UrlChecker.java:66)
	at org.openqa.selenium.remote.service.DriverService.start(DriverService.java:168)
	at org.openqa.selenium.remote.service.DriverCommandExecutor.execute(DriverCommandExecutor.java:62)
	at org.openqa.selenium.remote.RemoteWebDriver.execute(RemoteWebDriver.java:572)
	at org.openqa.selenium.remote.RemoteWebDriver.startSession(RemoteWebDriver.java:240)
	at org.openqa.selenium.remote.RemoteWebDriver.<init>(RemoteWebDriver.java:126)
	at org.openqa.selenium.remote.RemoteWebDriver.<init>(RemoteWebDriver.java:139)
	at org.openqa.selenium.chrome.ChromeDriver.<init>(ChromeDriver.java:171)
	at org.openqa.selenium.chrome.ChromeDriver.<init>(ChromeDriver.java:160)
	at org.openqa.selenium.chrome.ChromeDriver.<init>(ChromeDriver.java:117)
	at com.base.Baseclass.invokebrowser(Baseclass.java:17)
	at com.test.RegisterPageTest.init(RegisterPageTest.java:28)
	at sun.reflect.NativeMethodAccessorImpl.invoke0(Native Method)
	at sun.reflect.NativeMethodAccessorImpl.invoke(NativeMethodAccessorImpl.java:62)
	at sun.reflect.DelegatingMethodAccessorImpl.invoke(DelegatingMethodAccessorImpl.java:43)
	at java.lang.reflect.Method.invoke(Method.java:497)
	at org.testng.internal.MethodInvocationHelper.invokeMethod(MethodInvocationHelper.java:80)
	at org.testng.internal.Invoker.invokeConfigurationMethod(Invoker.java:564)
	at org.testng.internal.Invoker.invokeConfigurations(Invoker.java:213)
	at org.testng.internal.Invoker.invokeConfigurations(Invoker.java:138)
	at org.testng.TestRunner.beforeRun(TestRunner.java:641)
	at org.testng.TestRunner.run(TestRunner.java:609)
	at org.testng.SuiteRunner.runTest(SuiteRunner.java:334)
	at org.testng.SuiteRunner.runSequentially(SuiteRunner.java:329)
	at org.testng.SuiteRunner.privateRun(SuiteRunner.java:291)
	at org.testng.SuiteRunner.run(SuiteRunner.java:240)
	at org.testng.SuiteRunnerWorker.runSuite(SuiteRunnerWorker.java:52)
	at org.testng.SuiteRunnerWorker.run(SuiteRunnerWorker.java:86)
	at org.testng.TestNG.runSuitesSequentially(TestNG.java:1198)
	at org.testng.TestNG.runSuitesLocally(TestNG.java:1123)
	at org.testng.TestNG.run(TestNG.java:1031)
	at org.testng.remote.AbstractRemoteTestNG.run(AbstractRemoteTestNG.java:126)
	at org.testng.remote.RemoteTestNG.initAndRun(RemoteTestNG.java:137)
	at org.testng.remote.RemoteTestNG.main(RemoteTestNG.java:58)
]]>
    </failure>
  </testcase> <!-- @BeforeTest init -->
  <testcase name="@AfterTest close" time="0.0" classname="com.test.RegisterPageTest">
    <skipped/>
  </testcase> <!-- @AfterTest close -->
  <testcase name="verifytitle" time="0.0" classname="com.test.RegisterPageTest">
    <skipped/>
  </testcase> <!-- verifytitle -->
  <testcase name="register" time="0.0" classname="com.test.RegisterPageTest">
    <skipped/>
  </testcase> <!-- register -->
</testsuite> <!-- Default test -->
