<?xml version="1.0" encoding="UTF-8"?>
<!-- Generated by org.testng.reporters.JUnitXMLReporter -->
<testsuite hostname="JITU-PC" name="Test" tests="4" failures="0" timestamp="3 Aug 2019 09:18:59 GMT" time="0.234" errors="0">
  <testcase name="@BeforeTest init" time="0.0" classname="com.test.HomePageTest">
    <failure type="java.lang.Error" message="Unresolved compilation problem: 
	The method invokebrowser() is undefined for the type HomePageTest
">
      <![CDATA[java.lang.Error: Unresolved compilation problem: 
	The method invokebrowser() is undefined for the type HomePageTest

	at com.test.HomePageTest.init(HomePageTest.java:25)
... Removed 22 stack frames]]>
    </failure>
  </testcase> <!-- @BeforeTest init -->
  <testcase name="@BeforeTest init" time="0.0" classname="com.test.HomePageTest">
    <skipped/>
  </testcase> <!-- @BeforeTest init -->
  <testcase name="@AfterTest close" time="0.0" classname="com.test.HomePageTest">
    <skipped/>
  </testcase> <!-- @AfterTest close -->
  <testcase name="@AfterTest close" time="0.0" classname="com.test.HomePageTest">
    <skipped/>
  </testcase> <!-- @AfterTest close -->
  <testcase name="verifytitle" time="0.016" classname="com.test.HomePageTest">
    <skipped/>
  </testcase> <!-- verifytitle -->
  <testcase name="clickonregister" time="0.0" classname="com.test.HomePageTest">
    <skipped/>
  </testcase> <!-- clickonregister -->
  <testcase name="verifytitle" time="0.0" classname="com.test.RegisterPageTest">
    <skipped/>
  </testcase> <!-- verifytitle -->
  <testcase name="register" time="0.0" classname="com.test.RegisterPageTest">
    <skipped/>
  </testcase> <!-- register -->
</testsuite> <!-- Test -->
