<?xml version="1.0" encoding="UTF-8"?>
<testng-results skipped="4" failed="0" total="4" passed="0">
  <reporter-output>
  </reporter-output>
  <suite name="Suite" duration-ms="234" started-at="2019-08-03T09:18:57Z" finished-at="2019-08-03T09:18:57Z">
    <groups>
    </groups>
    <test name="Test" duration-ms="234" started-at="2019-08-03T09:18:57Z" finished-at="2019-08-03T09:18:57Z">
      <class name="com.test.HomePageTest">
        <test-method status="FAIL" signature="init()[pri:0, instance:com.test.HomePageTest@71423665]" name="init" is-config="true" duration-ms="0" started-at="2019-08-03T14:48:57Z" finished-at="2019-08-03T14:48:57Z">
          <exception class="java.lang.Error">
            <message>
              <![CDATA[Unresolved compilation problem: 
	The method invokebrowser() is undefined for the type HomePageTest
]]>
            </message>
            <full-stacktrace>
              <![CDATA[java.lang.Error: Unresolved compilation problem: 
	The method invokebrowser() is undefined for the type HomePageTest

	at com.test.HomePageTest.init(HomePageTest.java:25)
	at sun.reflect.NativeMethodAccessorImpl.invoke0(Native Method)
	at sun.reflect.NativeMethodAccessorImpl.invoke(NativeMethodAccessorImpl.java:62)
	at sun.reflect.DelegatingMethodAccessorImpl.invoke(DelegatingMethodAccessorImpl.java:43)
	at java.lang.reflect.Method.invoke(Method.java:497)
	at org.testng.internal.MethodInvocationHelper.invokeMethod(MethodInvocationHelper.java:80)
	at org.testng.internal.Invoker.invokeConfigurationMethod(Invoker.java:564)
	at org.testng.internal.Invoker.invokeConfigurations(Invoker.java:213)
	at org.testng.internal.Invoker.invokeConfigurations(Invoker.java:138)
	at org.testng.TestRunner.beforeRun(TestRunner.java:641)
	at org.testng.TestRunner.run(TestRunner.java:609)
	at org.testng.SuiteRunner.runTest(SuiteRunner.java:334)
	at org.testng.SuiteRunner.runSequentially(SuiteRunner.java:329)
	at org.testng.SuiteRunner.privateRun(SuiteRunner.java:291)
	at org.testng.SuiteRunner.run(SuiteRunner.java:240)
	at org.testng.SuiteRunnerWorker.runSuite(SuiteRunnerWorker.java:52)
	at org.testng.SuiteRunnerWorker.run(SuiteRunnerWorker.java:86)
	at org.testng.TestNG.runSuitesSequentially(TestNG.java:1198)
	at org.testng.TestNG.runSuitesLocally(TestNG.java:1123)
	at org.testng.TestNG.run(TestNG.java:1031)
	at org.testng.remote.AbstractRemoteTestNG.run(AbstractRemoteTestNG.java:126)
	at org.testng.remote.RemoteTestNG.initAndRun(RemoteTestNG.java:137)
	at org.testng.remote.RemoteTestNG.main(RemoteTestNG.java:58)
]]>
            </full-stacktrace>
          </exception> <!-- java.lang.Error -->
          <reporter-output>
          </reporter-output>
        </test-method> <!-- init -->
        <test-method status="SKIP" signature="init()[pri:0, instance:com.test.RegisterPageTest@6f1fba17]" name="init" is-config="true" duration-ms="0" started-at="2019-08-03T14:48:57Z" finished-at="2019-08-03T14:48:57Z">
          <reporter-output>
          </reporter-output>
        </test-method> <!-- init -->
        <test-method status="SKIP" signature="verifytitle()[pri:0, instance:com.test.HomePageTest@71423665]" name="verifytitle" duration-ms="16" started-at="2019-08-03T14:48:57Z" finished-at="2019-08-03T14:48:57Z">
          <reporter-output>
          </reporter-output>
        </test-method> <!-- verifytitle -->
        <test-method status="SKIP" signature="clickonregister()[pri:0, instance:com.test.HomePageTest@71423665]" name="clickonregister" duration-ms="0" started-at="2019-08-03T14:48:57Z" finished-at="2019-08-03T14:48:57Z">
          <reporter-output>
          </reporter-output>
        </test-method> <!-- clickonregister -->
        <test-method status="SKIP" signature="close()[pri:0, instance:com.test.RegisterPageTest@6f1fba17]" name="close" is-config="true" duration-ms="0" started-at="2019-08-03T14:48:57Z" finished-at="2019-08-03T14:48:57Z">
          <reporter-output>
          </reporter-output>
        </test-method> <!-- close -->
        <test-method status="SKIP" signature="close()[pri:0, instance:com.test.HomePageTest@71423665]" name="close" is-config="true" duration-ms="0" started-at="2019-08-03T14:48:57Z" finished-at="2019-08-03T14:48:57Z">
          <reporter-output>
          </reporter-output>
        </test-method> <!-- close -->
      </class> <!-- com.test.HomePageTest -->
      <class name="com.test.RegisterPageTest">
        <test-method status="SKIP" signature="verifytitle()[pri:0, instance:com.test.RegisterPageTest@6f1fba17]" name="verifytitle" duration-ms="0" started-at="2019-08-03T14:48:57Z" finished-at="2019-08-03T14:48:57Z">
          <reporter-output>
          </reporter-output>
        </test-method> <!-- verifytitle -->
        <test-method status="SKIP" signature="register()[pri:0, instance:com.test.RegisterPageTest@6f1fba17]" name="register" duration-ms="0" started-at="2019-08-03T14:48:57Z" finished-at="2019-08-03T14:48:57Z">
          <reporter-output>
          </reporter-output>
        </test-method> <!-- register -->
      </class> <!-- com.test.RegisterPageTest -->
    </test> <!-- Test -->
  </suite> <!-- Suite -->
</testng-results>
